# JRE version: Java(TM) SE Runtime Environment (17.0.6+9) (build 17.0.6+9-LTS-190)
# Java VM: Java HotSpot(TM) 64-Bit Server VM (17.0.6+9-LTS-190, mixed mode, sharing, tiered, compressed oops, compressed class ptrs, g1 gc, windows-amd64)
GC Precious Log:
 CPUs: 2 total, 2 available
 Memory: 2047M
 Large Page Support: Disabled
 NUMA Support: Disabled
 Compressed Oops: Enabled (32-bit)
 Heap Region Size: 1M
 Heap Min Capacity: 8M
 Heap Initial Capacity: 32M
 Heap Max Capacity: 512M
 Pre-touch: Disabled
 Parallel Workers: 2
 Concurrent Workers: 1
 Concurrent Refinement Workers: 2
 Periodic GC: Disabled
Heap:
 garbage-first heap   total 34816K, used 20204K [0x00000000e0000000, 0x0000000100000000)
  region size 1024K, 3 young (3072K), 1 survivors (1024K)
 Metaspace       used 8414K, committed 8640K, reserved 1064960K
  class space    used 716K, committed 832K, reserved 1048576K
GC Heap History (20 events):
Event: 2.314 GC heap before
{Heap before GC invocations=0 (full 0):
 garbage-first heap   total 32768K, used 5120K [0x00000000e0000000, 0x0000000100000000)
  region size 1024K, 6 young (6144K), 0 survivors (0K)
 Metaspace       used 2946K, committed 3072K, reserved 1056768K
  class space    used 259K, committed 320K, reserved 1048576K
}
Event: 2.326 GC heap after
{Heap after GC invocations=1 (full 0):
 garbage-first heap   total 32768K, used 2375K [0x00000000e0000000, 0x0000000100000000)
  region size 1024K, 1 young (1024K), 1 survivors (1024K)
 Metaspace       used 2946K, committed 3072K, reserved 1056768K
  class space    used 259K, committed 320K, reserved 1048576K
}
Event: 3.422 GC heap before
{Heap before GC invocations=1 (full 0):
 garbage-first heap   total 32768K, used 4423K [0x00000000e0000000, 0x0000000100000000)
  region size 1024K, 4 young (4096K), 1 survivors (1024K)
 Metaspace       used 5057K, committed 5184K, reserved 1056768K
  class space    used 459K, committed 512K, reserved 1048576K
}
Event: 3.455 GC heap after
{Heap after GC invocations=2 (full 0):
 garbage-first heap   total 32768K, used 3361K [0x00000000e0000000, 0x0000000100000000)
  region size 1024K, 1 young (1024K), 1 survivors (1024K)
 Metaspace       used 5057K, committed 5184K, reserved 1056768K
  class space    used 459K, committed 512K, reserved 1048576K
}
Event: 4.417 GC heap before
{Heap before GC invocations=2 (full 0):
 garbage-first heap   total 32768K, used 10529K [0x00000000e0000000, 0x0000000100000000)
  region size 1024K, 8 young (8192K), 1 survivors (1024K)
 Metaspace       used 5514K, committed 5696K, reserved 1056768K
  class space    used 484K, committed 576K, reserved 1048576K
}
Event: 4.423 GC heap after
{Heap after GC invocations=3 (full 0):
 garbage-first heap   total 32768K, used 4036K [0x00000000e0000000, 0x0000000100000000)
  region size 1024K, 1 young (1024K), 1 survivors (1024K)
 Metaspace       used 5514K, committed 5696K, reserved 1056768K
  class space    used 484K, committed 576K, reserved 1048576K
}
Event: 4.522 GC heap before
{Heap before GC invocations=3 (full 0):
 garbage-first heap   total 32768K, used 13252K [0x00000000e0000000, 0x0000000100000000)
  region size 1024K, 10 young (10240K), 1 survivors (1024K)
 Metaspace       used 5545K, committed 5760K, reserved 1056768K
  class space    used 484K, committed 576K, reserved 1048576K
}
Event: 4.527 GC heap after
{Heap after GC invocations=4 (full 0):
 garbage-first heap   total 32768K, used 4212K [0x00000000e0000000, 0x0000000100000000)
  region size 1024K, 1 young (1024K), 1 survivors (1024K)
 Metaspace       used 5545K, committed 5760K, reserved 1056768K
  class space    used 484K, committed 576K, reserved 1048576K
}
Event: 5.995 GC heap before
{Heap before GC invocations=4 (full 0):
 garbage-first heap   total 32768K, used 21620K [0x00000000e0000000, 0x0000000100000000)
  region size 1024K, 18 young (18432K), 1 survivors (1024K)
 Metaspace       used 5689K, committed 5824K, reserved 1056768K
  class space    used 493K, committed 576K, reserved 1048576K
}
Event: 6.020 GC heap after
{Heap after GC invocations=5 (full 0):
 garbage-first heap   total 32768K, used 7672K [0x00000000e0000000, 0x0000000100000000)
  region size 1024K, 3 young (3072K), 3 survivors (3072K)
 Metaspace       used 5689K, committed 5824K, reserved 1056768K
  class space    used 493K, committed 576K, reserved 1048576K
}
Event: 9.209 GC heap before
{Heap before GC invocations=5 (full 0):
 garbage-first heap   total 32768K, used 20984K [0x00000000e0000000, 0x0000000100000000)
  region size 1024K, 16 young (16384K), 3 survivors (3072K)
 Metaspace       used 6265K, committed 6400K, reserved 1056768K
  class space    used 517K, committed 576K, reserved 1048576K
}
Event: 9.220 GC heap after
{Heap after GC invocations=6 (full 0):
 garbage-first heap   total 32768K, used 10333K [0x00000000e0000000, 0x0000000100000000)
  region size 1024K, 2 young (2048K), 2 survivors (2048K)
 Metaspace       used 6265K, committed 6400K, reserved 1056768K
  class space    used 517K, committed 576K, reserved 1048576K
}
Event: 10.417 GC heap before
{Heap before GC invocations=6 (full 0):
 garbage-first heap   total 32768K, used 19549K [0x00000000e0000000, 0x0000000100000000)
  region size 1024K, 11 young (11264K), 2 survivors (2048K)
 Metaspace       used 7027K, committed 7232K, reserved 1056768K
  class space    used 586K, committed 704K, reserved 1048576K
}
Event: 10.424 GC heap after
{Heap after GC invocations=7 (full 0):
 garbage-first heap   total 32768K, used 11546K [0x00000000e0000000, 0x0000000100000000)
  region size 1024K, 1 young (1024K), 1 survivors (1024K)
 Metaspace       used 7027K, committed 7232K, reserved 1056768K
  class space    used 586K, committed 704K, reserved 1048576K
}
Event: 11.605 GC heap before
{Heap before GC invocations=7 (full 0):
 garbage-first heap   total 32768K, used 20762K [0x00000000e0000000, 0x0000000100000000)
  region size 1024K, 10 young (10240K), 1 survivors (1024K)
 Metaspace       used 7089K, committed 7296K, reserved 1056768K
  class space    used 588K, committed 704K, reserved 1048576K
}
Event: 11.615 GC heap after
{Heap after GC invocations=8 (full 0):
 garbage-first heap   total 32768K, used 17408K [0x00000000e0000000, 0x0000000100000000)
  region size 1024K, 2 young (2048K), 2 survivors (2048K)
 Metaspace       used 7089K, committed 7296K, reserved 1056768K
  class space    used 588K, committed 704K, reserved 1048576K
}
Event: 13.593 GC heap before
{Heap before GC invocations=8 (full 0):
 garbage-first heap   total 32768K, used 21504K [0x00000000e0000000, 0x0000000100000000)
  region size 1024K, 6 young (6144K), 2 survivors (2048K)
 Metaspace       used 8026K, committed 8192K, reserved 1064960K
  class space    used 691K, committed 768K, reserved 1048576K
}
Event: 13.603 GC heap after
{Heap after GC invocations=9 (full 0):
 garbage-first heap   total 32768K, used 18841K [0x00000000e0000000, 0x0000000100000000)
  region size 1024K, 1 young (1024K), 1 survivors (1024K)
 Metaspace       used 8026K, committed 8192K, reserved 1064960K
  class space    used 691K, committed 768K, reserved 1048576K
}
Event: 17.873 GC heap before
{Heap before GC invocations=10 (full 0):
 garbage-first heap   total 34816K, used 21913K [0x00000000e0000000, 0x0000000100000000)
  region size 1024K, 5 young (5120K), 1 survivors (1024K)
 Metaspace       used 8283K, committed 8384K, reserved 1064960K
  class space    used 706K, committed 768K, reserved 1048576K
}
Event: 17.877 GC heap after
{Heap after GC invocations=11 (full 0):
 garbage-first heap   total 34816K, used 19180K [0x00000000e0000000, 0x0000000100000000)
  region size 1024K, 1 young (1024K), 1 survivors (1024K)
 Metaspace       used 8283K, committed 8384K, reserved 1064960K
  class space    used 706K, committed 768K, reserved 1048576K
}

