# JRE version: Java(TM) SE Runtime Environment (17.0.6+9) (build 17.0.6+9-LTS-190)
# Java VM: Java HotSpot(TM) 64-Bit Server VM (17.0.6+9-LTS-190, mixed mode, sharing, tiered, compressed oops, compressed class ptrs, g1 gc, windows-amd64)
GC Precious Log:
 CPUs: 2 total, 2 available
 Memory: 2047M
 Large Page Support: Disabled
 NUMA Support: Disabled
 Compressed Oops: Enabled (32-bit)
 Heap Region Size: 1M
 Heap Min Capacity: 8M
 Heap Initial Capacity: 32M
 Heap Max Capacity: 512M
 Pre-touch: Disabled
 Parallel Workers: 2
 Concurrent Workers: 1
 Concurrent Refinement Workers: 2
 Periodic GC: Disabled
Heap:
 garbage-first heap   total 32768K, used 16803K [0x00000000e0000000, 0x0000000100000000)
  region size 1024K, 13 young (13312K), 3 survivors (3072K)
 Metaspace       used 6241K, committed 6400K, reserved 1056768K
  class space    used 513K, committed 576K, reserved 1048576K
GC Heap History (10 events):
Event: 2.439 GC heap before
{Heap before GC invocations=0 (full 0):
 garbage-first heap   total 32768K, used 5120K [0x00000000e0000000, 0x0000000100000000)
  region size 1024K, 6 young (6144K), 0 survivors (0K)
 Metaspace       used 2948K, committed 3072K, reserved 1056768K
  class space    used 259K, committed 320K, reserved 1048576K
}
Event: 2.478 GC heap after
{Heap after GC invocations=1 (full 0):
 garbage-first heap   total 32768K, used 2379K [0x00000000e0000000, 0x0000000100000000)
  region size 1024K, 1 young (1024K), 1 survivors (1024K)
 Metaspace       used 2948K, committed 3072K, reserved 1056768K
  class space    used 259K, committed 320K, reserved 1048576K
}
Event: 4.128 GC heap before
{Heap before GC invocations=1 (full 0):
 garbage-first heap   total 32768K, used 5451K [0x00000000e0000000, 0x0000000100000000)
  region size 1024K, 4 young (4096K), 1 survivors (1024K)
 Metaspace       used 5033K, committed 5120K, reserved 1056768K
  class space    used 455K, committed 512K, reserved 1048576K
}
Event: 4.135 GC heap after
{Heap after GC invocations=2 (full 0):
 garbage-first heap   total 32768K, used 3253K [0x00000000e0000000, 0x0000000100000000)
  region size 1024K, 1 young (1024K), 1 survivors (1024K)
 Metaspace       used 5033K, committed 5120K, reserved 1056768K
  class space    used 455K, committed 512K, reserved 1048576K
}
Event: 5.056 GC heap before
{Heap before GC invocations=2 (full 0):
 garbage-first heap   total 32768K, used 11445K [0x00000000e0000000, 0x0000000100000000)
  region size 1024K, 9 young (9216K), 1 survivors (1024K)
 Metaspace       used 5545K, committed 5760K, reserved 1056768K
  class space    used 484K, committed 576K, reserved 1048576K
}
Event: 5.083 GC heap after
{Heap after GC invocations=3 (full 0):
 garbage-first heap   total 32768K, used 3985K [0x00000000e0000000, 0x0000000100000000)
  region size 1024K, 2 young (2048K), 2 survivors (2048K)
 Metaspace       used 5545K, committed 5760K, reserved 1056768K
  class space    used 484K, committed 576K, reserved 1048576K
}
Event: 5.210 GC heap before
{Heap before GC invocations=3 (full 0):
 garbage-first heap   total 32768K, used 13201K [0x00000000e0000000, 0x0000000100000000)
  region size 1024K, 11 young (11264K), 2 survivors (2048K)
 Metaspace       used 5548K, committed 5760K, reserved 1056768K
  class space    used 484K, committed 576K, reserved 1048576K
}
Event: 5.218 GC heap after
{Heap after GC invocations=4 (full 0):
 garbage-first heap   total 32768K, used 4230K [0x00000000e0000000, 0x0000000100000000)
  region size 1024K, 1 young (1024K), 1 survivors (1024K)
 Metaspace       used 5548K, committed 5760K, reserved 1056768K
  class space    used 484K, committed 576K, reserved 1048576K
}
Event: 6.839 GC heap before
{Heap before GC invocations=4 (full 0):
 garbage-first heap   total 32768K, used 21638K [0x00000000e0000000, 0x0000000100000000)
  region size 1024K, 18 young (18432K), 1 survivors (1024K)
 Metaspace       used 5697K, committed 5824K, reserved 1056768K
  class space    used 492K, committed 576K, reserved 1048576K
}
Event: 6.850 GC heap after
{Heap after GC invocations=5 (full 0):
 garbage-first heap   total 32768K, used 7587K [0x00000000e0000000, 0x0000000100000000)
  region size 1024K, 3 young (3072K), 3 survivors (3072K)
 Metaspace       used 5697K, committed 5824K, reserved 1056768K
  class space    used 492K, committed 576K, reserved 1048576K
}

